InnoDB: The first specified data file .\ibdata1 did not exist:
InnoDB: a new database to be created!
030914 21:14:50  InnoDB: Setting file .\ibdata1 size to 10 MB
InnoDB: Database physically writes the file full: wait...
030914 21:14:51  InnoDB: Log file .\ib_logfile0 did not exist: new to be created
InnoDB: Setting log file .\ib_logfile0 size to 5 MB
InnoDB: Database physically writes the file full: wait...
030914 21:14:51  InnoDB: Log file .\ib_logfile1 did not exist: new to be created
InnoDB: Setting log file .\ib_logfile1 size to 5 MB
InnoDB: Database physically writes the file full: wait...
InnoDB: Doublewrite buffer not found: creating new
InnoDB: Doublewrite buffer created
InnoDB: Creating foreign key constraint system tables
InnoDB: Foreign key constraint system tables created
030914 21:14:53  InnoDB: Started
c:\user\mysql\bin\mysqld.exe: ready for connections.
Version: '4.0.13-max-debug'  socket: ''  port: 3306
030914 21:16:38  InnoDB: Database was not shut down normally.
InnoDB: Starting recovery from log files...
InnoDB: Starting log scan based on checkpoint at
InnoDB: log sequence number 0 43892
InnoDB: Doing recovery: scanned up to log sequence number 0 43892
030914 21:16:38  InnoDB: Flushing modified pages from the buffer pool...
030914 21:16:38  InnoDB: Started
c:\user\mysql\bin\mysqld.exe: ready for connections.
Version: '4.0.13-max-debug'  socket: ''  port: 3306
