begin CDBDAY
 .547121
 .145729
 .520468
 .553991
 .176536
 .887440
 .332372
1.000000
 .999982
end
begin CDOPERM5
 .672733
 .001359
end
begin RANK3132
 .571379
 .981981
end
begin CDBINRNK
 .93144
 .70415
 .14651
 .72611
 .15536
 .29301
 .21279
 .80116
 .25293
 .46542
 .31144
 .84673
 .47168
 .63386
 .78284
1.00000
 .05375
1.00000
1.00000
1.00000
1.00000
1.00000
1.00000
1.00000
1.00000
1.000000
end
begin CDBITST
 .00000
 .00000
 .00000
 .00019
 .00118
 .00000
 .00000
 .00002
 .00001
 .00000
 .00061
 .00000
 .00002
 .00000
 .00001
 .00002
 .00000
 .00000
 .00000
 .00000
end
begin CDOMSO
1.0000
1.0000
1.0000
1.0000
1.0000
1.0000
1.0000
1.0000
1.0000
1.0000
1.0000
1.0000
 .0000
 .0000
 .0000
 .0000
 .0000
 .0000
 .0019
 .0020
 .2750
 .1189
 .2373
1.0000
1.0000
1.0000
1.0000
1.0000
1.0000
1.0000
1.0000
1.0000
1.0000
1.0000
1.0000
1.0000
1.0000
1.0000
1.0000
 .0000
 .0000
 .0000
 .0000
 .0000
 .0000
 .0000
 .0170
 .4483
 .6155
 .3429
 .3135
1.0000
1.0000
1.0000
1.0000
1.0000
1.0000
1.0000
1.0000
1.0000
1.0000
1.0000
1.0000
1.0000
1.0000
1.0000
1.0000
1.0000
1.0000
1.0000
 .0000
 .0000
 .0000
 .0000
 .2675
 .9294
 .0008
 .0029
 .1373
 .5952
 .3234
 .1075
end
begin SKNT1s
1.000000
1.000000
end
begin WKNT1s
 .699850
 .962048
 .288895
 .683196
 .404471
 .704340
 .692618
 .292022
 .671839
 .687509
 .747486
 .425041
 .030876
 .000615
 .000003
1.000000
1.000000
1.000000
1.000000
1.000000
1.000000
1.000000
1.000000
1.000000
1.000000
end
begin CDPARK
 .831196
 .500000
 .307734
 .572463
 .873180
 .041356
 .232514
 .853193
 .607947
 .463618
 .076515
end
begin MINDIST
 .232693
end
begin 3DSPHERE
 .18837
 .09293
 .40560
 .14681
 .31295
 .18310
 .91312
 .58183
 .03835
 .45819
 .62439
 .07580
 .61620
 .83354
 .05400
 .27367
 .55687
 .93632
 .91288
 .40291
 .555123
end
begin SQUEEZE
 .535941
end
begin CDOSUM
 .919425
 .155989
 .079493
 .870659
 .634109
 .190944
 .104435
 .637859
 .801506
 .609582
 .228854
end
begin RUNTEST
 .369018
 .031181
 .379381
 .947189
end
begin CRAPTEST
 .02929
 .029294
 .005959
end
