begin CDBDAY
 .872274
 .890527
 .490153
 .999204
 .854569
 .026448
 .922588
 .999218
 .650569
end
begin CDOPERM5
1.000000
1.000000
end
begin RANK3132
 .998192
 .968432
end
begin CDBINRNK
1.00000
1.00000
1.00000
 .90103
 .91048
1.00000
 .14277
1.00000
 .98550
1.00000
1.00000
 .26395
 .99775
 .98759
 .99174
 .99999
 .99922
 .99800
 .57837
 .01184
 .99783
 .88065
 .99685
 .99786
 .99997
1.000000
end
begin CDBITST
1.00000
1.00000
1.00000
1.00000
1.00000
1.00000
1.00000
1.00000
1.00000
1.00000
1.00000
1.00000
1.00000
1.00000
1.00000
1.00000
1.00000
1.00000
1.00000
1.00000
end
begin CDOMSO
1.0000
1.0000
1.0000
1.0000
1.0000
1.0000
1.0000
1.0000
1.0000
1.0000
1.0000
1.0000
1.0000
1.0000
1.0000
1.0000
1.0000
1.0000
1.0000
1.0000
1.0000
1.0000
1.0000
1.0000
1.0000
1.0000
1.0000
1.0000
1.0000
1.0000
1.0000
1.0000
1.0000
1.0000
1.0000
1.0000
1.0000
1.0000
1.0000
1.0000
1.0000
1.0000
1.0000
1.0000
1.0000
1.0000
1.0000
1.0000
1.0000
1.0000
1.0000
1.0000
1.0000
1.0000
1.0000
1.0000
1.0000
1.0000
1.0000
1.0000
1.0000
1.0000
1.0000
1.0000
1.0000
1.0000
1.0000
1.0000
1.0000
1.0000
1.0000
1.0000
1.0000
1.0000
1.0000
1.0000
1.0000
1.0000
1.0000
1.0000
1.0000
1.0000
end
begin SKNT1s
1.000000
1.000000
end
begin WKNT1s
1.000000
1.000000
1.000000
1.000000
1.000000
1.000000
1.000000
1.000000
1.000000
1.000000
1.000000
1.000000
1.000000
1.000000
1.000000
1.000000
1.000000
1.000000
1.000000
1.000000
1.000000
1.000000
1.000000
1.000000
1.000000
end
begin CDPARK
 .409702
 .357445
 .481790
 .966111
 .921543
 .392053
 .357445
 .831196
 .007758
 .463618
 .452319
end
begin MINDIST
 .999971
end
begin 3DSPHERE
 .33749
 .97572
 .60954
 .62699
 .27184
 .84995
 .63623
 .38892
 .51466
 .10757
 .62227
 .54420
 .62968
 .26602
 .76417
 .92787
 .73414
 .51396
 .33376
 .80381
 .722921
end
begin SQUEEZE
1.000000
end
begin CDOSUM
 .050941
 .142072
 .410897
 .627077
 .721904
 .243674
 .912778
 .949644
 .736699
 .284038
 .008525
end
begin RUNTEST
 .999928
 .801991
1.000000
 .565567
end
begin CRAPTEST
 .99998
 .999980
 .999999
end
