begin CDBDAY
 .542052
 .782207
 .473618
 .144277
 .269176
 .125922
 .759434
 .869034
 .478560
end
begin CDOPERM5
1.000000
1.000000
end
begin RANK3132
 .634199
 .965516
end
begin CDBINRNK
1.00000
1.00000
1.00000
1.00000
1.00000
1.00000
1.00000
1.00000
1.00000
1.00000
1.00000
1.00000
1.00000
1.00000
1.00000
1.00000
1.00000
1.00000
1.00000
1.00000
1.00000
1.00000
1.00000
1.00000
1.00000
1.000000
end
begin CDBITST
1.00000
1.00000
1.00000
1.00000
1.00000
1.00000
1.00000
1.00000
1.00000
1.00000
1.00000
1.00000
1.00000
1.00000
1.00000
1.00000
1.00000
1.00000
1.00000
1.00000
end
begin CDOMSO
1.0000
1.0000
1.0000
1.0000
1.0000
1.0000
1.0000
1.0000
1.0000
1.0000
1.0000
1.0000
1.0000
1.0000
1.0000
1.0000
1.0000
1.0000
1.0000
1.0000
1.0000
1.0000
1.0000
1.0000
1.0000
1.0000
1.0000
1.0000
1.0000
1.0000
1.0000
1.0000
1.0000
1.0000
1.0000
1.0000
1.0000
1.0000
1.0000
1.0000
1.0000
1.0000
1.0000
1.0000
1.0000
1.0000
1.0000
1.0000
1.0000
1.0000
1.0000
1.0000
1.0000
1.0000
1.0000
1.0000
1.0000
1.0000
1.0000
1.0000
1.0000
1.0000
1.0000
1.0000
1.0000
1.0000
1.0000
1.0000
1.0000
1.0000
1.0000
1.0000
1.0000
1.0000
1.0000
1.0000
1.0000
1.0000
1.0000
1.0000
1.0000
1.0000
end
begin SKNT1s
1.000000
1.000000
end
begin WKNT1s
1.000000
1.000000
1.000000
1.000000
1.000000
1.000000
1.000000
1.000000
1.000000
1.000000
1.000000
1.000000
1.000000
1.000000
1.000000
1.000000
1.000000
1.000000
1.000000
1.000000
1.000000
1.000000
1.000000
1.000000
1.000000
end
begin CDPARK
 .000000
 .000000
 .000000
 .000000
 .000000
 .000000
 .000000
 .000000
 .000000
 .000000
1.000000
end
begin MINDIST
1.000000
end
begin 3DSPHERE
 .00001
 .00089
 .00031
 .00140
 .00044
 .00313
 .00000
 .00059
 .00053
 .00004
 .00180
 .00395
 .00013
 .00036
 .00020
 .00345
 .01012
 .00008
 .00327
 .00016
1.000000
end
begin SQUEEZE
1.000000
end
begin CDOSUM
 .428723
 .053856
 .580611
 .963959
 .830603
 .474462
 .712448
 .962882
 .260726
 .991947
 .849912
end
begin RUNTEST
1.000000
1.000000
1.000000
1.000000
end
begin CRAPTEST
1.00000
1.000000
********
end
