begin CDBDAY
 .321135
 .604807
 .356587
 .947459
 .821792
 .218143
 .952138
 .330563
 .393805
end
begin CDOPERM5
 .317946
1.000000
end
begin RANK3132
1.000000
1.000000
end
begin CDBINRNK
 .76441
 .93857
 .52995
 .94670
 .63290
 .51731
 .82597
 .50413
 .62389
 .74414
 .92781
 .70145
 .23348
 .96658
 .84593
 .76831
 .22858
 .53087
 .76062
 .54626
 .71939
 .99380
 .47494
 .93700
 .92317
 .999408
end
begin CDBITST
 .75663
 .50249
 .42282
 .19473
 .67874
 .64805
 .20988
 .07136
 .77244
 .21394
 .59841
 .46154
 .08212
 .31322
 .51088
 .44211
 .46897
 .93922
 .32490
 .33676
end
begin CDOMSO
1.0000
1.0000
1.0000
1.0000
1.0000
1.0000
1.0000
1.0000
1.0000
1.0000
1.0000
1.0000
1.0000
1.0000
1.0000
1.0000
1.0000
1.0000
1.0000
1.0000
1.0000
1.0000
1.0000
 .6194
 .1426
 .5655
 .0837
 .6155
 .6538
 .5802
 .5828
 .5266
 .3040
 .3123
 .8223
 .4243
 .3004
 .4230
 .0975
 .3694
 .0164
 .1278
 .2443
 .3759
 .7070
 .2443
 .0643
 .8223
 .5212
 .6117
 .0609
 .7280
 .6224
 .7444
 .4375
 .3129
 .8820
 .6054
 .3481
 .4597
 .1855
 .1708
 .3298
 .1839
 .5067
 .3223
 .3066
 .9257
 .1918
 .0740
 .6413
 .0213
 .3758
 .9618
 .3569
 .7648
 .0558
 .0077
 .3202
 .2550
 .1967
 .8790
end
begin SKNT1s
1.000000
1.000000
end
begin WKNT1s
 .986747
 .983064
 .998437
 .969669
 .346349
 .994677
 .978170
 .615379
 .797986
 .714048
 .898026
 .835272
 .994482
 .963036
 .904117
 .958842
 .560770
 .937830
 .965650
 .997605
 .895930
 .658373
 .918414
 .996013
 .808094
end
begin CDPARK
 .060270
 .374623
 .607947
 .168804
 .192812
 .357445
 .607947
 .050105
 .518210
 .340551
 .910721
end
begin MINDIST
1.000000
end
begin 3DSPHERE
 .75159
 .00629
 .02955
 .22152
 .92638
 .84058
 .88292
 .73965
 .71643
 .49837
 .37386
 .79924
 .89022
 .05208
 .76996
 .15478
 .99047
 .26274
 .12856
 .30701
 .554758
end
begin SQUEEZE
 .250162
end
begin CDOSUM
 .274135
 .290030
 .843553
 .740258
 .010275
 .730288
 .737284
 .100728
 .564266
 .397279
 .178041
end
begin RUNTEST
 .062610
 .988792
 .591018
 .424147
end
begin CRAPTEST
 .22371
 .223714
 .526456
end
