begin CDBDAY
 .408706
 .645218
 .509331
 .699722
 .142701
 .561524
 .702929
 .833558
 .202358
end
begin CDOPERM5
 .339128
 .543958
end
begin RANK3132
 .442952
 .614711
end
begin CDBINRNK
 .26454
 .90555
 .39420
 .30751
 .98355
 .92146
 .63715
 .95161
 .28138
 .99010
 .64366
 .80644
 .86304
 .79025
 .08129
 .60669
 .45148
 .51489
 .59269
 .15730
 .47575
 .40781
 .16875
 .46191
 .89471
 .777141
end
begin CDBITST
 .54712
 .54249
 .25399
 .13388
 .62968
 .85059
 .84509
 .29202
 .88677
 .31405
 .91729
 .22290
 .11072
 .06172
 .84509
 .06762
 .14317
 .71859
 .58935
 .55267
end
begin CDOMSO
 .7090
 .5923
 .2196
 .0978
 .7457
 .2785
 .1169
 .7126
 .8265
 .3278
 .3454
 .5366
 .2973
 .1634
 .7501
 .4149
 .8633
 .1950
 .2878
 .5721
 .1486
 .0187
 .8693
 .8427
 .6259
 .4045
 .6929
 .5868
 .1380
 .9947
 .1962
 .7186
 .2946
 .4190
 .2761
 .8507
 .0709
 .0868
 .0791
 .1321
 .1842
 .2255
 .6905
 .3318
 .2550
 .1576
 .0664
 .6361
 .3479
 .7453
 .7332
 .1406
 .2743
 .6201
 .3646
 .1870
 .1926
 .9210
 .6122
 .9027
 .2401
 .4961
 .4155
 .4063
 .9497
 .3118
 .1679
 .6156
 .0416
 .4984
 .6727
 .6631
 .6748
 .2067
 .9392
 .7377
 .5998
 .5008
 .6268
 .8536
 .8642
 .7221
end
begin SKNT1s
 .429191
 .660488
end
begin WKNT1s
 .071657
 .706508
 .327177
 .642273
 .277321
 .144761
 .048205
 .757512
 .415299
 .432998
 .892007
 .104555
 .461355
 .010394
 .615659
 .832292
 .865498
 .640650
 .339544
 .985888
 .665189
 .986938
 .218551
 .441943
 .802229
end
begin CDPARK
 .607947
 .642555
 .928018
 .921543
 .392053
 .180558
 .500000
 .146807
 .246694
 .205562
 .145338
end
begin MINDIST
 .759320
end
begin 3DSPHERE
 .83250
 .00735
 .56331
 .67653
 .81434
 .96760
 .99606
 .11776
 .53629
 .64805
 .33940
 .47782
 .84044
 .72970
 .84383
 .07501
 .53094
 .03306
 .31111
 .83505
 .627243
end
begin SQUEEZE
 .123714
end
begin CDOSUM
 .669864
 .980478
 .767334
 .321107
 .208558
 .409249
 .018906
 .162537
 .355331
 .009804
 .756214
end
begin RUNTEST
 .482186
 .967631
 .476210
 .481685
end
begin CRAPTEST
 .86355
 .863551
 .664214
end
