begin CDBDAY
 .935007
 .258024
 .781916
 .907615
 .172915
 .052862
 .149846
 .702929
 .774251
end
begin CDOPERM5
 .179428
 .435515
end
begin RANK3132
 .749760
 .344625
end
begin CDBINRNK
 .69651
 .75784
 .35583
 .75810
 .15457
 .14123
 .78040
 .96405
 .69208
 .39464
 .00824
 .80106
 .03128
 .86721
 .13218
 .24754
 .92006
 .53821
 .43609
 .48502
 .52180
 .96268
 .75597
 .61748
 .30027
 .128096
end
begin CDBITST
 .64022
 .35572
 .90569
 .74402
 .21530
 .60022
 .74024
 .07898
 .22359
 .07761
 .75443
 .98223
 .93809
 .39020
 .57292
 .98192
 .70504
 .73261
 .80160
 .91906
end
begin CDOMSO
 .8919
 .5896
 .9451
 .9643
 .5161
 .6293
 .4954
 .9423
 .0990
 .6588
 .9374
 .5829
 .8493
 .6550
 .8110
 .9897
 .8184
 .9154
 .8101
 .5666
 .7299
 .0602
 .0897
 .0134
 .1285
 .2529
 .4550
 .8134
 .3111
 .9522
 .5090
 .3196
 .8284
 .8419
 .4045
 .8554
 .8161
 .8645
 .4941
 .4766
 .8905
 .8079
 .8937
 .3953
 .3694
 .0918
 .1004
 .1815
 .5036
 .4941
 .6917
 .8959
 .1731
 .7602
 .9392
 .9290
 .2257
 .0366
 .7491
 .0129
 .4236
 .8454
 .5641
 .5883
 .3202
 .6122
 .7121
 .6544
 .1823
 .8959
 .3680
 .8060
 .9124
 .0740
 .4796
 .3938
 .1341
 .8680
 .6054
 .6268
 .8754
 .3949
end
begin SKNT1s
 .719878
 .300366
end
begin WKNT1s
 .686388
 .528502
 .588086
 .436464
 .477751
 .242840
 .442934
 .386031
 .233341
 .557761
 .571340
 .960911
 .760246
 .804729
 .782215
 .289296
 .632844
 .120353
 .923435
 .684933
 .196407
 .117164
 .692440
 .103690
 .070819
end
begin CDPARK
 .607947
 .708135
 .692266
 .723613
 .100530
 .676028
 .794438
 .078457
 .625377
 .625377
 .811898
end
begin MINDIST
 .335433
end
begin 3DSPHERE
 .96251
 .46460
 .81254
 .70993
 .05592
 .56972
 .76877
 .64814
 .86949
 .39885
 .80736
 .87524
 .97194
 .62823
 .23801
 .02886
 .49726
 .00971
 .76766
 .77283
 .854520
end
begin SQUEEZE
 .429535
end
begin CDOSUM
 .861251
 .876386
 .157998
 .387550
 .421802
 .038419
 .059309
 .072855
 .211665
 .011836
 .977525
end
begin RUNTEST
 .488697
 .841065
 .285560
 .588068
end
begin CRAPTEST
 .76583
 .765831
 .708071
end
